<?xml version="1.0" encoding="UTF-8"?>
<!-- Generated by org.testng.reporters.JUnitXMLReporter -->
<testsuite ignored="0" hostname="K_Anderson" failures="0" tests="5" name="Default test" time="20.595" errors="0" timestamp="2025-10-10T20:19:22 EDT">
  <testcase classname="testCases.TC02_Login" name="testLogin" time="2.467"/>
  <testcase classname="testCases.TC02_Login" name="testLogin" time="1.816"/>
  <testcase classname="testCases.TC02_Login" name="testLogin" time="1.998"/>
  <testcase classname="testCases.TC02_Login" name="testLogin" time="2.403"/>
  <testcase classname="testCases.TC02_Login" name="testLogin" time="1.747"/>
</testsuite> <!-- Default test -->
