<?xml version="1.0" encoding="UTF-8"?>
<!-- Generated by org.testng.reporters.JUnitXMLReporter -->
<testsuite ignored="0" hostname="K_Anderson" failures="0" tests="10" name="chromeTest" time="77.632" errors="0" timestamp="2025-10-19T13:46:15 EDT">
  <testcase classname="testCases.TC01_LaunchApplication" name="testLaunchApplication" time="0.454"/>
  <testcase classname="testCases.TC03_AddToCart" name="testAddToCart" time="6.845"/>
  <testcase classname="testCases.TC05_AddToWishList" name="testAddToWishList" time="6.332"/>
  <testcase classname="testCases.TC06_AddAffiliate" name="testAddAffiliate" time="3.801"/>
  <testcase classname="testCases.TC02_Login" name="testLogin" time="3.632"/>
  <testcase classname="testCases.TC02_Login" name="testLogin" time="1.436"/>
  <testcase classname="testCases.TC02_Login" name="testLogin" time="1.595"/>
  <testcase classname="testCases.TC02_Login" name="testLogin" time="5.119"/>
  <testcase classname="testCases.TC02_Login" name="testLogin" time="4.03"/>
  <testcase classname="testCases.TC04_CompletePurchase" name="addToCart" time="15.024"/>
</testsuite> <!-- chromeTest -->
