<?xml version="1.0" encoding="UTF-8"?>
<!-- Generated by org.testng.reporters.JUnitXMLReporter -->
<testsuite ignored="0" hostname="K_Anderson" failures="0" tests="10" name="Test" time="48.245" errors="0" timestamp="2025-10-10T23:03:05 EDT">
  <testcase classname="testCases.TC01_LaunchApplication" name="testLaunchApplication" time="0.068"/>
  <testcase classname="testCases.TC03_AddToCart" name="testAddToCart" time="2.701"/>
  <testcase classname="testCases.TC05_AddToWishList" name="testAddToWishList" time="3.539"/>
  <testcase classname="testCases.TC06_AddAffiliate" name="testAddAffiliate" time="3.373"/>
  <testcase classname="testCases.TC02_Login" name="testLogin" time="1.83"/>
  <testcase classname="testCases.TC02_Login" name="testLogin" time="1.297"/>
  <testcase classname="testCases.TC02_Login" name="testLogin" time="1.231"/>
  <testcase classname="testCases.TC02_Login" name="testLogin" time="1.294"/>
  <testcase classname="testCases.TC02_Login" name="testLogin" time="1.455"/>
  <testcase classname="testCases.TC04_CompletePurchase" name="addToCart" time="6.85"/>
</testsuite> <!-- Test -->
