<?xml version="1.0" encoding="UTF-8"?>
<!-- Generated by org.testng.reporters.JUnitReportReporter -->
<testsuite hostname="K_Anderson" failures="0" tests="15" name="testCases.TC02_Login" time="46.754" errors="0" timestamp="2025-10-19T13:48:15 EDT" skipped="0">
  <testcase classname="testCases.TC02_Login" name="testLogin" time="1.488"/>
  <testcase classname="testCases.TC02_Login" name="testLogin" time="2.141"/>
  <testcase classname="testCases.TC02_Login" name="testLogin" time="3.758"/>
  <testcase classname="testCases.TC02_Login" name="testLogin" time="2.402"/>
  <testcase classname="testCases.TC02_Login" name="testLogin" time="1.595"/>
  <testcase classname="testCases.TC02_Login" name="testLogin" time="4.030"/>
  <testcase classname="testCases.TC02_Login" name="testLogin" time="3.632"/>
  <testcase classname="testCases.TC02_Login" name="testLogin" time="4.406"/>
  <testcase classname="testCases.TC02_Login" name="testLogin" time="2.150"/>
  <testcase classname="testCases.TC02_Login" name="testLogin" time="3.838"/>
  <testcase classname="testCases.TC02_Login" name="testLogin" time="5.119"/>
  <testcase classname="testCases.TC02_Login" name="testLogin" time="5.951"/>
  <testcase classname="testCases.TC02_Login" name="testLogin" time="1.436"/>
  <testcase classname="testCases.TC02_Login" name="testLogin" time="2.688"/>
  <testcase classname="testCases.TC02_Login" name="testLogin" time="2.120"/>
</testsuite> <!-- testCases.TC02_Login -->
