<?xml version="1.0" encoding="UTF-8"?>
<!-- Generated by org.testng.reporters.JUnitReportReporter -->
<testsuite hostname="K_Anderson" failures="0" tests="3" name="testCases.TC06_AddAffiliate" time="10.626" errors="0" timestamp="2025-10-19T13:48:15 EDT" skipped="0">
  <testcase classname="testCases.TC06_AddAffiliate" name="testAddAffiliate" time="3.857"/>
  <testcase classname="testCases.TC06_AddAffiliate" name="testAddAffiliate" time="3.801"/>
  <testcase classname="testCases.TC06_AddAffiliate" name="testAddAffiliate" time="2.968"/>
</testsuite> <!-- testCases.TC06_AddAffiliate -->
