<?xml version="1.0" encoding="UTF-8"?>
<!-- Generated by org.testng.reporters.JUnitReportReporter -->
<testsuite hostname="K_Anderson" failures="0" tests="3" name="testCases.TC05_AddToWishList" time="20.221" errors="0" timestamp="2025-10-19T13:48:15 EDT" skipped="0">
  <testcase classname="testCases.TC05_AddToWishList" name="testAddToWishList" time="6.569"/>
  <testcase classname="testCases.TC05_AddToWishList" name="testAddToWishList" time="7.320"/>
  <testcase classname="testCases.TC05_AddToWishList" name="testAddToWishList" time="6.332"/>
</testsuite> <!-- testCases.TC05_AddToWishList -->
